<?xml version="1.0" encoding="UTF-8"?>
<!-- Generated by org.testng.reporters.JUnitXMLReporter -->
<testsuite ignored="1" hostname="TEMMY" failures="0" tests="2" name="Submit Order Test" time="14.836" errors="0" timestamp="2025-05-23T12:22:23 BST">
  <testcase classname="abbeyLtd.TestPage.SubmitOrderTest" name="submitOrder" time="3.412"/>
  <testcase classname="abbeyLtd.TestPage.SubmitOrderTest" name="submitOrder" time="3.466"/>
  <testcase classname="abbeyLtd.TestPage.SubmitOrderTest" name="orderHistoryTest" time="0.0">
    <ignored/>
  </testcase> <!-- orderHistoryTest -->
</testsuite> <!-- Submit Order Test -->
