<?xml version="1.0" encoding="UTF-8"?>
<testng-results ignored="0" total="2" passed="2" failed="0" skipped="0">
  <reporter-output>
  </reporter-output>
  <suite started-at="2025-05-23T12:22:08 BST" name="Suite" finished-at="2025-05-23T12:22:23 BST" duration-ms="14836">
    <groups>
      <group name="Purchase">
        <method signature="SubmitOrderTest.submitOrder(java.util.HashMap)[pri:0, instance:abbeyLtd.TestPage.SubmitOrderTest@533bda92]" name="submitOrder" class="abbeyLtd.TestPage.SubmitOrderTest"/>
      </group> <!-- Purchase -->
    </groups>
    <test started-at="2025-05-23T12:22:08 BST" name="Error Validations Test" finished-at="2025-05-23T12:22:08 BST" duration-ms="18">
    </test> <!-- Error Validations Test -->
    <test started-at="2025-05-23T12:22:08 BST" name="Submit Order Test" finished-at="2025-05-23T12:22:23 BST" duration-ms="14836">
      <class name="abbeyLtd.TestPage.SubmitOrderTest">
        <test-method is-config="true" signature="launchApp()[pri:0, instance:abbeyLtd.TestPage.SubmitOrderTest@533bda92]" started-at="2025-05-23T12:22:08 BST" name="launchApp" finished-at="2025-05-23T12:22:12 BST" duration-ms="4169" status="PASS">
          <reporter-output>
          </reporter-output>
        </test-method> <!-- launchApp -->
        <test-method signature="submitOrder(java.util.HashMap)[pri:0, instance:abbeyLtd.TestPage.SubmitOrderTest@533bda92]" started-at="2025-05-23T12:22:12 BST" name="submitOrder" data-provider="getData" finished-at="2025-05-23T12:22:16 BST" duration-ms="3412" status="PASS">
          <params>
            <param index="0">
              <value>
                <![CDATA[{password=Abbey100!, productName=ZARA COAT 3, username=abbeylincoln@gmail.com}]]>
              </value>
            </param>
          </params>
          <reporter-output>
          </reporter-output>
        </test-method> <!-- submitOrder -->
        <test-method is-config="true" signature="tearDown()[pri:0, instance:abbeyLtd.TestPage.SubmitOrderTest@533bda92]" started-at="2025-05-23T12:22:16 BST" name="tearDown" finished-at="2025-05-23T12:22:16 BST" duration-ms="78" status="PASS">
          <reporter-output>
          </reporter-output>
        </test-method> <!-- tearDown -->
        <test-method is-config="true" signature="launchApp()[pri:0, instance:abbeyLtd.TestPage.SubmitOrderTest@533bda92]" started-at="2025-05-23T12:22:16 BST" name="launchApp" finished-at="2025-05-23T12:22:19 BST" duration-ms="3330" status="PASS">
          <reporter-output>
          </reporter-output>
        </test-method> <!-- launchApp -->
        <test-method signature="submitOrder(java.util.HashMap)[pri:0, instance:abbeyLtd.TestPage.SubmitOrderTest@533bda92]" started-at="2025-05-23T12:22:19 BST" name="submitOrder" data-provider="getData" finished-at="2025-05-23T12:22:23 BST" duration-ms="3466" status="PASS">
          <params>
            <param index="0">
              <value>
                <![CDATA[{password=Iamking@000, productName=ADIDAS ORIGINAL, username=shetty@gmail.com}]]>
              </value>
            </param>
          </params>
          <reporter-output>
          </reporter-output>
        </test-method> <!-- submitOrder -->
        <test-method is-config="true" signature="tearDown()[pri:0, instance:abbeyLtd.TestPage.SubmitOrderTest@533bda92]" started-at="2025-05-23T12:22:23 BST" name="tearDown" finished-at="2025-05-23T12:22:23 BST" duration-ms="98" status="PASS">
          <reporter-output>
          </reporter-output>
        </test-method> <!-- tearDown -->
      </class> <!-- abbeyLtd.TestPage.SubmitOrderTest -->
    </test> <!-- Submit Order Test -->
  </suite> <!-- Suite -->
</testng-results>
