<?xml version="1.0" encoding="UTF-8"?>
<!-- Generated by org.testng.reporters.JUnitXMLReporter -->
<testsuite ignored="0" hostname="TEMMY" failures="0" tests="4" name="Submit Order Test" time="23.809" errors="0" timestamp="2025-05-23T11:56:31 BST">
  <testcase classname="abbeyLtd.TestPage.SubmitOrderTest" name="submitOrder" time="3.494"/>
  <testcase classname="abbeyLtd.TestPage.SubmitOrderTest" name="submitOrder" time="3.391"/>
  <testcase classname="abbeyLtd.TestPage.SubmitOrderTest" name="orderHistoryTest" time="0.737"/>
  <testcase classname="abbeyLtd.TestPage.SubmitOrderTest" name="orderHistoryTest" time="0.77"/>
</testsuite> <!-- Submit Order Test -->
